<?xml version="1.0" encoding="UTF-8"?>
<!-- Generated by org.testng.reporters.JUnitXMLReporter -->
<testsuite hostname="DESKTOP-TKM5AQQ" name="Test" tests="3" failures="0" timestamp="12 Apr 2019 01:50:43 GMT" time="37.559" errors="0">
  <testcase name="launchFlightReservationApplication" time="9.974" classname="testcases.ExecuteTest"/>
  <testcase name="loginToFlightReservation" time="9.191" classname="testcases.ExecuteTest"/>
  <testcase name="bookATicket" time="8.763" classname="testcases.ExecuteTest"/>
</testsuite> <!-- Test -->
